<?xml version="1.0" encoding="UTF-8" ?>
<testsuite errors="0" failures="0" hostname="NCDWIN7PXD0283" name="com.wm.ps.test.WmTestSuite [FibonachiTest]" tests="2" time="0.172" timestamp="2017-06-07T12:01:44">
  <properties>
[...]
</properties>
  <testcase classname="com.wm.ps.test.WmTestCase" name="Straigt Case" time="0.078" />
  <testcase classname="com.wm.ps.test.WmTestCase" name="TestException" time="0.082" />
  <system-out><![CDATA[]]></system-out>
  <system-err><![CDATA[]]></system-err>
</testsuite>
